<?xml version="1.0" encoding="UTF-8"?>
<!-- Generated by org.testng.reporters.JUnitReportReporter -->
<testsuite hostname="Sasi-Inspiron" failures="0" tests="1" name="pageFacetoryWithoutAnnotation.LoginWithoutFindBy" time="4.199" errors="0" timestamp="2022-01-30T11:07:19 PST" skipped="0">
  <testcase classname="pageFacetoryWithoutAnnotation.LoginWithoutFindBy" name="login" time="4.199"/>
  <system-out/>
</testsuite> <!-- pageFacetoryWithoutAnnotation.LoginWithoutFindBy -->
