<?xml version="1.0" encoding="UTF-8"?>
<!-- Generated by org.testng.reporters.JUnitReportReporter -->
<testsuite hostname="Sasi-Inspiron" failures="0" tests="1" name="testCase.UpdateProfile" time="10.422" errors="0" timestamp="2022-01-30T22:00:10 PST" skipped="0">
  <testcase classname="testCase.UpdateProfile" name="updateprofile" time="10.422"/>
  <system-out/>
</testsuite> <!-- testCase.UpdateProfile -->
