<?xml version="1.0" encoding="UTF-8"?>
<!-- Generated by org.testng.reporters.JUnitReportReporter -->
<testsuite hostname="Sasi-Inspiron" failures="0" tests="1" name="testCase.LoginTestCase" time="12.482" errors="0" timestamp="2022-01-30T22:13:39 PST" skipped="0">
  <testcase classname="testCase.LoginTestCase" name="login" time="12.482"/>
  <system-out/>
</testsuite> <!-- testCase.LoginTestCase -->
